Fri Jun 22 2018 09:21:55 GMT+1000 (E. Australia Standard Time): GET: /
Fri Jun 22 2018 09:21:55 GMT+1000 (E. Australia Standard Time): GET: /favicon.ico
Fri Jun 22 2018 09:21:56 GMT+1000 (E. Australia Standard Time): GET: /favicon.ico
Fri Jun 22 2018 09:26:48 GMT+1000 (E. Australia Standard Time): GET: /
Fri Jun 22 2018 09:26:50 GMT+1000 (E. Australia Standard Time): GET: /
Fri Jun 22 2018 09:26:59 GMT+1000 (E. Australia Standard Time): GET: /
Fri Jun 22 2018 09:27:27 GMT+1000 (E. Australia Standard Time): GET: /about
Fri Jun 22 2018 09:27:34 GMT+1000 (E. Australia Standard Time): GET: /
Fri Jun 22 2018 09:27:43 GMT+1000 (E. Australia Standard Time): GET: /about
Fri Jun 22 2018 09:29:36 GMT+1000 (E. Australia Standard Time): GET: /about
Fri Jun 22 2018 09:32:30 GMT+1000 (E. Australia Standard Time): GET /about
Fri Jun 22 2018 09:33:41 GMT+1000 (E. Australia Standard Time): GET /about
Fri Jun 22 2018 09:34:18 GMT+1000 (E. Australia Standard Time): GET /about
Fri Jun 22 2018 09:36:02 GMT+1000 (E. Australia Standard Time): GET /about
Fri Jun 22 2018 09:37:42 GMT+1000 (E. Australia Standard Time): GET /about
Fri Jun 22 2018 09:38:02 GMT+1000 (E. Australia Standard Time): GET /about
Fri Jun 22 2018 09:38:04 GMT+1000 (E. Australia Standard Time): GET /
Fri Jun 22 2018 09:38:05 GMT+1000 (E. Australia Standard Time): GET /about
Fri Jun 22 2018 09:38:07 GMT+1000 (E. Australia Standard Time): GET /
Fri Jun 22 2018 09:38:08 GMT+1000 (E. Australia Standard Time): GET /about
Fri Jun 22 2018 09:42:27 GMT+1000 (E. Australia Standard Time): GET /
Fri Jun 22 2018 09:43:50 GMT+1000 (E. Australia Standard Time): GET /
Fri Jun 22 2018 09:43:53 GMT+1000 (E. Australia Standard Time): GET /
Fri Jun 22 2018 09:43:59 GMT+1000 (E. Australia Standard Time): GET /
Fri Jun 22 2018 09:44:40 GMT+1000 (E. Australia Standard Time): GET /
Fri Jun 22 2018 09:44:46 GMT+1000 (E. Australia Standard Time): GET /
Fri Jun 22 2018 09:44:47 GMT+1000 (E. Australia Standard Time): GET /
Fri Jun 22 2018 09:45:15 GMT+1000 (E. Australia Standard Time): GET /
Fri Jun 22 2018 09:45:21 GMT+1000 (E. Australia Standard Time): GET /
Fri Jun 22 2018 09:45:22 GMT+1000 (E. Australia Standard Time): GET /
Fri Jun 22 2018 09:45:27 GMT+1000 (E. Australia Standard Time): GET /about
Fri Jun 22 2018 09:45:31 GMT+1000 (E. Australia Standard Time): GET /
Fri Jun 22 2018 09:45:43 GMT+1000 (E. Australia Standard Time): GET /about
Fri Jun 22 2018 09:45:50 GMT+1000 (E. Australia Standard Time): GET /about
Fri Jun 22 2018 09:47:22 GMT+1000 (E. Australia Standard Time): GET /about
Fri Jun 22 2018 09:49:07 GMT+1000 (E. Australia Standard Time): GET /
Fri Jun 22 2018 09:49:09 GMT+1000 (E. Australia Standard Time): GET /
Fri Jun 22 2018 09:49:11 GMT+1000 (E. Australia Standard Time): GET /about
Fri Jun 22 2018 09:49:47 GMT+1000 (E. Australia Standard Time): GET /
Fri Jun 22 2018 09:49:48 GMT+1000 (E. Australia Standard Time): GET /manual
Fri Jun 22 2018 09:49:50 GMT+1000 (E. Australia Standard Time): GET /laser
Fri Jun 22 2018 09:59:34 GMT+1000 (E. Australia Standard Time): GET /
Fri Jun 22 2018 09:59:36 GMT+1000 (E. Australia Standard Time): GET /manual
Fri Jun 22 2018 10:00:34 GMT+1000 (E. Australia Standard Time): GET /manual
Fri Jun 22 2018 10:00:43 GMT+1000 (E. Australia Standard Time): GET /manual
Fri Jun 22 2018 10:01:10 GMT+1000 (E. Australia Standard Time): GET /manual
Fri Jun 22 2018 10:01:13 GMT+1000 (E. Australia Standard Time): GET /
Fri Jun 22 2018 10:01:15 GMT+1000 (E. Australia Standard Time): GET /manual
Fri Jun 22 2018 10:25:15 GMT+1000 (E. Australia Standard Time): GET /
Fri Jun 22 2018 10:25:16 GMT+1000 (E. Australia Standard Time): GET /manual
Fri Jun 22 2018 10:25:25 GMT+1000 (E. Australia Standard Time): POST /USER
Fri Jun 22 2018 10:31:21 GMT+1000 (E. Australia Standard Time): GET /manual
Fri Jun 22 2018 10:31:37 GMT+1000 (E. Australia Standard Time): GET /manual
Fri Jun 22 2018 10:32:40 GMT+1000 (E. Australia Standard Time): GET /manual
Fri Jun 22 2018 10:34:05 GMT+1000 (E. Australia Standard Time): GET /manual
Sat Jun 23 2018 21:43:16 GMT+1000 (E. Australia Standard Time): GET /
Sat Jun 23 2018 21:43:17 GMT+1000 (E. Australia Standard Time): GET /projects
Sat Jun 23 2018 21:43:20 GMT+1000 (E. Australia Standard Time): GET /projects
